<?xml version="1.0" encoding="UTF-8"?>
<!-- Generated by org.testng.reporters.JUnitXMLReporter -->
<testsuite hostname="DESKTOP-3L9UGKR" ignored="0" name="Test" tests="11" failures="1" timestamp="23 Apr 2021 04:38:37 GMT" time="42.81" errors="0">
  <testcase name="@AfterClass afterClass" time="0.0" classname="org.sample.Datapro">
    <failure type="java.lang.NullPointerException">
      <![CDATA[java.lang.NullPointerException
at org.sample.Datapro.afterClass(Datapro.java:23)
... Removed 26 stack frames]]>
    </failure>
  </testcase> <!-- @AfterClass afterClass -->
  <testcase name="demo" time="7.02" classname="org.sample.DemoBase"/>
  <testcase name="login" time="0.768" classname="org.sample.Datapro"/>
  <testcase name="login" time="0.96" classname="org.sample.Datapro"/>
  <testcase name="login" time="0.742" classname="org.sample.Datapro"/>
  <testcase name="login" time="0.609" classname="org.sample.Datapro"/>
  <testcase name="login" time="4.445" classname="org.sample.Datapro"/>
  <testcase name="login" time="1.588" classname="org.sample.Datapro"/>
  <testcase name="login" time="0.695" classname="org.sample.Datapro"/>
  <testcase name="login" time="0.698" classname="org.sample.Datapro"/>
  <testcase name="login" time="0.721" classname="org.sample.Datapro"/>
  <testcase name="demo" time="0.0" classname="org.sample.NGTesting">
    <failure type="org.testng.TestNGException" message="
Parameter &amp;apos;Firstname&amp;apos; is required by @Test on method demo but has not been marked @Optional or defined
in C:\Users\LT07052020\eclipse-workspace\NGTest1\testng.xml">
      <![CDATA[org.testng.TestNGException: 
Parameter 'Firstname' is required by @Test on method demo but has not been marked @Optional or defined
in C:\Users\LT07052020\eclipse-workspace\NGTest1\testng.xml
... Removed 24 stack frames]]>
    </failure>
  </testcase> <!-- demo -->
</testsuite> <!-- Test -->
